[debug] [2025-07-19T19:16:28.372Z] ----------------------------------------------------------------------
[debug] [2025-07-19T19:16:28.373Z] Command:       /opt/homebrew/Cellar/node/24.2.0/bin/node /opt/homebrew/bin/firebase init
[debug] [2025-07-19T19:16:28.373Z] CLI Version:   14.11.0
[debug] [2025-07-19T19:16:28.373Z] Platform:      darwin
[debug] [2025-07-19T19:16:28.373Z] Node Version:  v24.2.0
[debug] [2025-07-19T19:16:28.373Z] Time:          Sat Jul 19 2025 15:16:28 GMT-0400 (Eastern Daylight Time)
[debug] [2025-07-19T19:16:28.373Z] ----------------------------------------------------------------------
[debug] 
[debug] [2025-07-19T19:16:28.374Z] > command requires scopes: ["email","openid","https://www.googleapis.com/auth/cloudplatformprojects.readonly","https://www.googleapis.com/auth/firebase","https://www.googleapis.com/auth/cloud-platform"]
[debug] [2025-07-19T19:16:28.375Z] > authorizing via signed-in user (rajkumar32216@gmail.com)
[info] 
     ######## #### ########  ######## ########     ###     ######  ########
     ##        ##  ##     ## ##       ##     ##  ##   ##  ##       ##
     ######    ##  ########  ######   ########  #########  ######  ######
     ##        ##  ##    ##  ##       ##     ## ##     ##       ## ##
     ##       #### ##     ## ######## ########  ##     ##  ######  ########

You're about to initialize a Firebase project in this directory:

  /Users/sampath/Documents/firebase/poem-site

[debug] [2025-07-19T19:32:00.818Z] ExitPromptError: User force closed the prompt with SIGINT
    at Interface.sigint (/opt/homebrew/lib/node_modules/firebase-tools/node_modules/@inquirer/core/dist/commonjs/lib/create-prompt.js:101:37)
    at Interface.emit (node:events:507:28)
    at Interface.emit (node:domain:489:12)
    at [_ttyWrite] [as _ttyWrite] (node:internal/readline/interface:1315:18)
    at ReadStream.onkeypress (node:internal/readline/interface:284:20)
    at ReadStream.emit (node:events:519:35)
    at ReadStream.emit (node:domain:489:12)
    at emitKeys (node:internal/readline/utils:371:14)
    at emitKeys.next (<anonymous>)
    at ReadStream.onData (node:internal/readline/emitKeypressEvents:64:36)
[error] 
[error] Error: An unexpected error has occurred.
